<?xml version="1.0" encoding="UTF-8"?>
<testsuites>
  <testsuite name="SignInModelTest" file="C:\xampp\htdocs\STPA\application\tests\SignInModelTest.php" tests="5" assertions="5" failures="0" errors="0" time="0.021274">
    <testcase name="testIsSession" class="SignInModelTest" file="C:\xampp\htdocs\STPA\application\tests\SignInModelTest.php" line="18" assertions="1" time="0.002889"/>
    <testcase name="testIsSignIn_successful" class="SignInModelTest" file="C:\xampp\htdocs\STPA\application\tests\SignInModelTest.php" line="23" assertions="1" time="0.012151"/>
    <testcase name="testIsSignIn_InvalidEmail" class="SignInModelTest" file="C:\xampp\htdocs\STPA\application\tests\SignInModelTest.php" line="30" assertions="1" time="0.002093"/>
    <testcase name="testIsSignIn_InvalidPass" class="SignInModelTest" file="C:\xampp\htdocs\STPA\application\tests\SignInModelTest.php" line="37" assertions="1" time="0.002265"/>
    <testcase name="testIsGranted" class="SignInModelTest" file="C:\xampp\htdocs\STPA\application\tests\SignInModelTest.php" line="44" assertions="1" time="0.001876"/>
  </testsuite>
</testsuites>
