<?xml version="1.0" encoding="UTF-8"?>
<testsuites>
  <testsuite name="SiteModelTest" file="C:\xampp\htdocs\STPA\application\tests\SiteModelTest.php" tests="3" assertions="3" failures="0" errors="0" time="0.014886">
    <testcase name="testgetSites" class="SiteModelTest" file="C:\xampp\htdocs\STPA\application\tests\SiteModelTest.php" line="18" assertions="1" time="0.008786"/>
    <testcase name="testgetSite" class="SiteModelTest" file="C:\xampp\htdocs\STPA\application\tests\SiteModelTest.php" line="27" assertions="1" time="0.002898"/>
    <testcase name="testisDeleteSite" class="SiteModelTest" file="C:\xampp\htdocs\STPA\application\tests\SiteModelTest.php" line="36" assertions="1" time="0.003202"/>
  </testsuite>
</testsuites>
