<?xml version="1.0" encoding="UTF-8"?>
<testsuites>
  <testsuite name="RolesModelTest" file="C:\xampp\htdocs\STPA\application\tests\RolesModelTest.php" tests="2" assertions="2" failures="0" errors="0" time="0.114878">
    <testcase name="testgetRole" class="RolesModelTest" file="C:\xampp\htdocs\STPA\application\tests\RolesModelTest.php" line="16" assertions="1" time="0.112732"/>
    <testcase name="testgetRoleModules" class="RolesModelTest" file="C:\xampp\htdocs\STPA\application\tests\RolesModelTest.php" line="23" assertions="1" time="0.002146"/>
  </testsuite>
</testsuites>
