<?xml version="1.0" encoding="UTF-8"?>
<testsuites>
  <testsuite name="CoursesModelTest" file="C:\xampp\htdocs\STPA\application\tests\CoursesModelTest.php" tests="5" assertions="5" failures="0" errors="0" time="0.077538">
    <testcase name="testgetCourses" class="CoursesModelTest" file="C:\xampp\htdocs\STPA\application\tests\CoursesModelTest.php" line="21" assertions="1" time="0.007383"/>
    <testcase name="testgetCourse" class="CoursesModelTest" file="C:\xampp\htdocs\STPA\application\tests\CoursesModelTest.php" line="30" assertions="1" time="0.002998"/>
    <testcase name="testgetUserSite" class="CoursesModelTest" file="C:\xampp\htdocs\STPA\application\tests\CoursesModelTest.php" line="40" assertions="1" time="0.002709"/>
    <testcase name="testautogenerateID" class="CoursesModelTest" file="C:\xampp\htdocs\STPA\application\tests\CoursesModelTest.php" line="50" assertions="1" time="0.014241"/>
    <testcase name="testisDeleteCourse" class="CoursesModelTest" file="C:\xampp\htdocs\STPA\application\tests\CoursesModelTest.php" line="59" assertions="1" time="0.050206"/>
  </testsuite>
</testsuites>
