<?xml version="1.0" encoding="UTF-8"?>
<testsuites>
  <testsuite name="ModulesModelTest" file="C:\xampp\htdocs\STPA\application\tests\ModulesModelTest.php" tests="4" assertions="4" failures="0" errors="0" time="0.028608">
    <testcase name="testautogenerateID" class="ModulesModelTest" file="C:\xampp\htdocs\STPA\application\tests\ModulesModelTest.php" line="15" assertions="1" time="0.021175"/>
    <testcase name="testisDeleteModule" class="ModulesModelTest" file="C:\xampp\htdocs\STPA\application\tests\ModulesModelTest.php" line="22" assertions="1" time="0.002591"/>
    <testcase name="testisGranted" class="ModulesModelTest" file="C:\xampp\htdocs\STPA\application\tests\ModulesModelTest.php" line="30" assertions="1" time="0.002253"/>
    <testcase name="testisGrantedAccess" class="ModulesModelTest" file="C:\xampp\htdocs\STPA\application\tests\ModulesModelTest.php" line="37" assertions="1" time="0.002589"/>
  </testsuite>
</testsuites>
