<?xml version="1.0" encoding="UTF-8"?>
<testsuites>
  <testsuite name="RolesModelTest" file="C:\xampp\htdocs\STPA\application\tests\RolesModelTest.php" tests="1" assertions="1" failures="1" errors="0" time="0.009614">
    <testcase name="testgetRole" class="RolesModelTest" file="C:\xampp\htdocs\STPA\application\tests\RolesModelTest.php" line="16" assertions="1" time="0.009614">
      <failure type="PHPUnit_Framework_ExpectationFailedException">RolesModelTest::testgetRole
Failed asserting that stdClass Object (
    'RoleID' =&gt; 'STAFF'
    'RoleName' =&gt; 'Staff'
) is true.

C:\xampp\htdocs\STPA\application\tests\RolesModelTest.php:19
</failure>
    </testcase>
  </testsuite>
</testsuites>
