<?xml version="1.0" encoding="UTF-8"?>
<testsuites>
  <testsuite name="SignUpModelTest" file="C:\xampp\htdocs\STPA\application\tests\SignUpModelTest.php" tests="2" assertions="2" failures="0" errors="0" time="0.009102">
    <testcase name="testisSignUp" class="SignUpModelTest" file="C:\xampp\htdocs\STPA\application\tests\SignUpModelTest.php" line="16" assertions="1" time="0.007100"/>
    <testcase name="testisSignUpBlank" class="SignUpModelTest" file="C:\xampp\htdocs\STPA\application\tests\SignUpModelTest.php" line="26" assertions="1" time="0.002002"/>
  </testsuite>
</testsuites>
